<?xml version='1.0' encoding='UTF-8'?>
<testsuite hostname="C17ZPVP2MD6M.local" name="com.test.HelloTests" tests="18" errors="0" failures="0" skipped="0" time="0.011" timestamp="2021-05-11T21:21:07">
          <properties>
      <property name="java.specification.version" value="15"/><property name="sun.jnu.encoding" value="UTF-8"/><property name="sun.arch.data.model" value="64"/><property name="java.vendor.url" value="https://openjdk.java.net/"/><property name="sun.boot.library.path" value="/usr/local/Cellar/openjdk/15.0.2/libexec/openjdk.jdk/Contents/Home/lib"/><property name="sun.java.command" value="/usr/local/Cellar/sbt/1.5.1/libexec/bin/sbt-launch.jar"/><property name="jdk.debug" value="release"/><property name="java.specification.vendor" value="Oracle Corporation"/><property name="java.version.date" value="2021-01-19"/><property name="java.home" value="/usr/local/Cellar/openjdk/15.0.2/libexec/openjdk.jdk/Contents/Home"/><property name="file.separator" value="/"/><property name="java.vm.compressedOopsMode" value="Zero based"/><property name="line.separator" value="
"/><property name="java.specification.name" value="Java Platform API Specification"/><property name="java.vm.specification.vendor" value="Oracle Corporation"/><property name="sun.management.compiler" value="HotSpot 64-Bit Tiered Compilers"/><property name="java.runtime.version" value="15.0.2+7"/><property name="user.name" value="Alvin.Zhao"/><property name="log4j.ignoreTCL" value="true"/><property name="file.encoding" value="UTF-8"/><property name="jnidispatch.path" value="/Users/Alvin.Zhao/Library/Caches/JNA/temp/jna15395558136943789174.tmp"/><property name="jna.loaded" value="true"/><property name="java.io.tmpdir" value="/var/folders/mm/pgy_scf12pscj6_h2gdtfzq80000gp/T/"/><property name="java.version" value="15.0.2"/><property name="java.vm.specification.name" value="Java Virtual Machine Specification"/><property name="java.library.path" value="/Users/Alvin.Zhao/Library/Java/Extensions:/Library/Java/Extensions:/Network/Library/Java/Extensions:/System/Library/Java/Extensions:/usr/lib/java:."/><property name="java.vendor" value="N/A"/><property name="scala.ext.dirs" value="/Users/Alvin.Zhao/.sbt/1.0/java9-rt-ext-n_a_15_0_2"/><property name="sun.io.unicode.encoding" value="UnicodeBig"/><property name="java.class.path" value="/usr/local/Cellar/sbt/1.5.1/libexec/bin/sbt-launch.jar"/><property name="java.vm.vendor" value="Oracle Corporation"/><property name="jline.shutdownhook" value="false"/><property name="user.timezone" value="Australia/Melbourne"/><property name="java.vm.specification.version" value="15"/><property name="os.name" value="Mac OS X"/><property name="sun.java.launcher" value="SUN_STANDARD"/><property name="user.country" value="AU"/><property name="sun.cpu.endian" value="little"/><property name="user.home" value="/Users/Alvin.Zhao"/><property name="user.language" value="en"/><property name="swoval.tmpdir" value="/Users/Alvin.Zhao/.sbt/1.0"/><property name="jline.esc.timeout" value="0"/><property name="path.separator" value=":"/><property name="os.version" value="11.3.1"/><property name="jna.nosys" value="true"/><property name="java.runtime.name" value="OpenJDK Runtime Environment"/><property name="java.vm.name" value="OpenJDK 64-Bit Server VM"/><property name="jna.platform.library.path" value="/usr/lib:/usr/lib"/><property name="java.vendor.url.bug" value="https://bugreport.java.com/bugreport/"/><property name="user.dir" value="/Users/Alvin.Zhao/Projects/katas/basic_coding/scala/basic"/><property name="os.arch" value="x86_64"/><property name="java.vm.info" value="mixed mode, sharing"/><property name="java.vm.version" value="15.0.2+7"/><property name="java.class.version" value="59.0"/>
    </properties>
          <testcase classname="com.test.HelloTests" name="helloWorld returns 'Hello, World!'" time="0.008">
                      
                    </testcase><testcase classname="com.test.HelloTests" name="greetName returns 'Hello, $name'" time="0.0">
                      
                    </testcase><testcase classname="com.test.HelloTests" name="getName returns name" time="0.0">
                      
                    </testcase><testcase classname="com.test.HelloTests" name="greetName2 greets Alice" time="0.0">
                      
                    </testcase><testcase classname="com.test.HelloTests" name="greetName2 greets Bob" time="0.0">
                      
                    </testcase><testcase classname="com.test.HelloTests" name="greetName2 doesn't greet if not alice or bob" time="0.0">
                      
                    </testcase><testcase classname="com.test.HelloTests" name="sumToN returns sum of numbers from 1 to n" time="0.0">
                      
                    </testcase><testcase classname="com.test.HelloTests" name="getNum gets number from user" time="0.0">
                      
                    </testcase><testcase classname="com.test.HelloTests" name="isMultiple3or5 returns true on multiples of 3 or 5" time="0.001">
                      
                    </testcase><testcase classname="com.test.HelloTests" name="sumToNIfMultiple3or5 returns correct sum" time="0.0">
                      
                    </testcase><testcase classname="com.test.HelloTests" name="productToN returns product of numbers from 1 to n" time="0.0">
                      
                    </testcase><testcase classname="com.test.HelloTests" name="chooseSumOrProduct returns either" time="0.0">
                      
                    </testcase><testcase classname="com.test.HelloTests" name="bigDaddyProgram returns sum of 1 to n if sum picked" time="0.0">
                      
                    </testcase><testcase classname="com.test.HelloTests" name="bigDaddyProgram returns product of 1 to n if product picked" time="0.001">
                      
                    </testcase><testcase classname="com.test.HelloTests" name="bigDaddyProgram returns n if invalid choice" time="0.0">
                      
                    </testcase><testcase classname="com.test.HelloTests" name="isLeapYear returns true on leap years" time="0.0">
                      
                    </testcase><testcase classname="com.test.HelloTests" name="isLeapYear returns false on not leap years" time="0.0">
                      
                    </testcase><testcase classname="com.test.HelloTests" name="nextNLeapYears returns next N leap years" time="0.001">
                      
                    </testcase>
          <system-out><![CDATA[]]></system-out>
          <system-err><![CDATA[]]></system-err>
        </testsuite>